{"message":"server on port3000","level":"info"}
{"message":"db is connected!","level":"info"}
{"message":"server on port 3000","level":"info"}
{"message":"db is connected!","level":"info"}
{"message":"server on port 3000","level":"info"}
{"message":"server on port 3000","level":"info"}
{"message":"db is connected!","level":"info"}
{"message":"server on port 3000","level":"info"}
{"message":"db is connected!","level":"info"}
{"message":"server on port 3000","level":"info"}
{"message":"db is connected!","level":"info"}
{"message":"server on port 3000","level":"info"}
{"message":"db is connected!","level":"info"}
{"message":"server on port 3000","level":"info"}
{"message":"db is connected!","level":"info"}
{"message":"server on port 3000","level":"info"}
{"message":"db is connected!","level":"info"}
{"message":"server on port 3000","level":"info"}
{"message":"db is connected!","level":"info"}
{"message":"server on port 3000","level":"info"}
{"message":"db is connected!","level":"info"}
{"message":"server on port 3000","level":"info"}
{"message":"db is connected!","level":"info"}
{"message":"server on port 3000","level":"info"}
{"message":"db is connected!","level":"info"}
{"message":"server on port 3000","level":"info"}
{"message":"db is connected!","level":"info"}
{"message":"server on port 3000","level":"info"}
{"message":"db is connected!","level":"info"}
{"message":"server on port 3000","level":"info"}
{"message":"db is connected!","level":"info"}
{"message":"server on port 3000","level":"info"}
{"message":"db is connected!","level":"info"}
{"message":"server on port 3000","level":"info"}
{"message":"db is connected!","level":"info"}
{"message":"server on port 3000","level":"info"}
{"message":"db is connected!","level":"info"}
{"message":"server on port 3000","level":"info"}
{"message":"db is connected!","level":"info"}
{"message":"server on port 3000","level":"info"}
{"message":"db is connected!","level":"info"}
{"message":"server on port 3000","level":"info"}
{"message":"db is connected!","level":"info"}
{"message":"server on port 3000","level":"info"}
{"message":"db is connected!","level":"info"}
{"message":"server on port 3000","level":"info"}
{"message":"db is connected!","level":"info"}
{"message":"server on port 3000","level":"info"}
{"message":"db is connected!","level":"info"}
{"message":"server on port 3000","level":"info"}
{"message":"db is connected!","level":"info"}
{"message":"server on port 3000","level":"info"}
{"message":"db is connected!","level":"info"}
{"message":"server on port 3000","level":"info"}
{"message":"db is connected!","level":"info"}
{"message":"server on port 3000","level":"info"}
{"message":"db is connected!","level":"info"}
{"message":"server on port 3000","level":"info"}
{"message":"db is connected!","level":"info"}
{"message":"server on port 3000","level":"info"}
{"message":"db is connected!","level":"info"}
{"level":"info","message":{"stringValue":"\"cgm2\"","kind":"ObjectId","value":"cgm2","path":"_id","reason":{}}}
{"level":"info","message":{"stringValue":"\"cgm2\"","kind":"ObjectId","value":"cgm2","path":"_id","reason":{}}}
{"message":"server on port 3000","level":"info"}
{"message":"db is connected!","level":"info"}
{"message":"server on port 3000","level":"info"}
{"message":"db is connected!","level":"info"}
{"level":"info","message":{"stringValue":"\"cgm2\"","kind":"ObjectId","value":"cgm2","path":"_id","reason":{}}}
{"message":"server on port 3000","level":"info"}
{"message":"db is connected!","level":"info"}
{"message":"server on port 3000","level":"info"}
{"message":"db is connected!","level":"info"}
{"message":"server on port 3000","level":"info"}
{"message":"db is connected!","level":"info"}
{"message":"server on port 3000","level":"info"}
{"message":"db is connected!","level":"info"}
{"message":"server on port 3000","level":"info"}
{"message":"db is connected!","level":"info"}
{"message":"server on port 3000","level":"info"}
{"message":"db is connected!","level":"info"}
{"message":"server on port 3000","level":"info"}
{"message":"db is connected!","level":"info"}
{"message":"server on port 3000","level":"info"}
{"message":"db is connected!","level":"info"}
{"message":"server on port 3000","level":"info"}
{"message":"db is connected!","level":"info"}
{"message":"server on port 3000","level":"info"}
{"message":"db is connected!","level":"info"}
{"message":"server on port 3000","level":"info"}
{"message":"db is connected!","level":"info"}
{"message":"server on port 3000","level":"info"}
{"message":"db is connected!","level":"info"}
{"message":"server on port 3000","level":"info"}
{"message":"db is connected!","level":"info"}
{"message":"server on port 3000","level":"info"}
{"message":"db is connected!","level":"info"}
{"level":"info","message":{}}
{"message":"server on port 3000","level":"info"}
{"message":"db is connected!","level":"info"}
{"level":"info","message":{}}
{"message":"server on port 3000","level":"info"}
{"message":"db is connected!","level":"info"}
{"level":"info","message":{}}
{"message":"server on port 3000","level":"info"}
{"message":"db is connected!","level":"info"}
{"level":"info","message":{}}
{"message":"server on port 3000","level":"info"}
{"message":"db is connected!","level":"info"}
{"message":"server on port 3000","level":"info"}
{"message":"db is connected!","level":"info"}
{"level":"info","message":{}}
{"message":"server on port 3000","level":"info"}
{"message":"db is connected!","level":"info"}
{"message":"server on port 3000","level":"info"}
{"message":"db is connected!","level":"info"}
{"message":"server on port 3000","level":"info"}
{"message":"db is connected!","level":"info"}
{"message":"server on port 3000","level":"info"}
{"message":"db is connected!","level":"info"}
{"message":"server on port 3000","level":"info"}
{"message":"db is connected!","level":"info"}
{"message":"server on port 3000","level":"info"}
{"message":"db is connected!","level":"info"}
{"message":"server on port 3000","level":"info"}
{"message":"db is connected!","level":"info"}
{"message":"server on port 3000","level":"info"}
{"message":"db is connected!","level":"info"}
{"message":"server on port 3000","level":"info"}
{"message":"db is connected!","level":"info"}
{"message":"server on port 3000","level":"info"}
{"message":"db is connected!","level":"info"}
{"message":"server on port 3000","level":"info"}
{"message":"db is connected!","level":"info"}
{"level":"info","message":{}}
{"message":"server on port 3000","level":"info"}
{"message":"db is connected!","level":"info"}
{"level":"info","message":{}}
{"message":"server on port 3000","level":"info"}
{"message":"db is connected!","level":"info"}
{"level":"info","message":{}}
{"message":"server on port 3000","level":"info"}
{"message":"db is connected!","level":"info"}
{"level":"info","message":{}}
{"message":"server on port 3000","level":"info"}
{"message":"db is connected!","level":"info"}
{"level":"info","message":{}}
{"message":"server on port 3000","level":"info"}
{"message":"db is connected!","level":"info"}
{"message":"server on port 3000","level":"info"}
{"message":"db is connected!","level":"info"}
{"message":"server on port 3000","level":"info"}
{"message":"db is connected!","level":"info"}
{"level":"info","message":{}}
{"message":"server on port 3000","level":"info"}
{"message":"db is connected!","level":"info"}
{"level":"info","message":{}}
{"message":"server on port 3000","level":"info"}
{"message":"db is connected!","level":"info"}
{"level":"info","message":{}}
{"message":"server on port 3000","level":"info"}
{"message":"db is connected!","level":"info"}
{"message":"server on port 3000","level":"info"}
{"message":"db is connected!","level":"info"}
{"message":"server on port 3000","level":"info"}
{"message":"db is connected!","level":"info"}
{"message":"server on port 3000","level":"info"}
{"message":"db is connected!","level":"info"}
{"message":"server on port 3000","level":"info"}
{"message":"db is connected!","level":"info"}
{"message":"server on port 3000","level":"info"}
{"message":"db is connected!","level":"info"}
